<?xml version="1.0" encoding="UTF-8"?>
<!-- Generated by org.testng.reporters.JUnitReportReporter -->
<testsuite skipped="0" hostname="NWEDL-CKYX1N2" name="Runner.DefaultRunner" tests="1" failures="0" timestamp="21 Aug 2019 20:47:24 GMT" time="16.553" errors="0">
  <testcase name="feature" time="16.553" classname="Runner.DefaultRunner"/>
</testsuite> <!-- Runner.DefaultRunner -->
